<?xml version="1.0" encoding="UTF-8"?>
<!-- Generated by org.testng.reporters.JUnitXMLReporter -->
<testsuite ignored="0" hostname="WKSBAN36ARYTR03" failures="3" tests="3" name="Default test" time="33.85" errors="0" timestamp="2026-03-31T15:47:24 IST">
  <testcase classname="io.cucumber.testng.AbstractTestNGCucumberTests" name="runScenario" time="11.193">
    <failure type="java.lang.RuntimeException" message="Unable to read Excel test data">
      <![CDATA[java.lang.RuntimeException: Unable to read Excel test data
at com.demo.pom.utils.ExcelReader.getRowData(ExcelReader.java:48)
at com.demo.pom.steps.LoginSteps.user_logs_in_using_excel_row(LoginSteps.java:40)
at ✽.user logs in using excel row 1(file:///C:/Users/sharanbir.x/eclipse-workspace/cucumber-pom-demo/src/test/resources/features/login.feature:5)
Caused by: java.lang.RuntimeException: Sheet not found: Login
at com.demo.pom.utils.ExcelReader.getRowData(ExcelReader.java:24)
... 2 more
]]>
    </failure>
  </testcase> <!-- runScenario -->
  <testcase classname="io.cucumber.testng.AbstractTestNGCucumberTests" name="runScenario" time="10.394">
    <failure type="java.lang.RuntimeException" message="Unable to read Excel test data">
      <![CDATA[java.lang.RuntimeException: Unable to read Excel test data
at com.demo.pom.utils.ExcelReader.getRowData(ExcelReader.java:48)
at com.demo.pom.steps.LoginSteps.user_logs_in_using_excel_row(LoginSteps.java:40)
at ✽.user logs in using excel row 2(file:///C:/Users/sharanbir.x/eclipse-workspace/cucumber-pom-demo/src/test/resources/features/login.feature:5)
Caused by: java.lang.RuntimeException: Sheet not found: Login
at com.demo.pom.utils.ExcelReader.getRowData(ExcelReader.java:24)
... 2 more
]]>
    </failure>
  </testcase> <!-- runScenario -->
  <testcase classname="io.cucumber.testng.AbstractTestNGCucumberTests" name="runScenario" time="11.337">
    <failure type="java.lang.RuntimeException" message="Unable to read Excel test data">
      <![CDATA[java.lang.RuntimeException: Unable to read Excel test data
at com.demo.pom.utils.ExcelReader.getRowData(ExcelReader.java:48)
at com.demo.pom.steps.LoginSteps.user_logs_in_using_excel_row(LoginSteps.java:40)
at ✽.user logs in using excel row 3(file:///C:/Users/sharanbir.x/eclipse-workspace/cucumber-pom-demo/src/test/resources/features/login.feature:5)
Caused by: java.lang.RuntimeException: Sheet not found: Login
at com.demo.pom.utils.ExcelReader.getRowData(ExcelReader.java:24)
... 2 more
]]>
    </failure>
  </testcase> <!-- runScenario -->
</testsuite> <!-- Default test -->
