<?xml version="1.0" encoding="UTF-8"?>
<testng-results ignored="0" total="4" passed="4" failed="0" skipped="0">
  <reporter-output>
  </reporter-output>
  <suite started-at="2026-04-01T14:18:10 IST" name="Surefire suite" finished-at="2026-04-01T14:18:56 IST" duration-ms="46361">
    <groups>
      <group name="cucumber">
        <method signature="AbstractTestNGCucumberTests.runScenario(io.cucumber.testng.PickleWrapper,io.cucumber.testng.FeatureWrapper)[pri:0, instance:com.demo.pom.runner.RunCucumberTest@55c53a33]" name="runScenario" class="io.cucumber.testng.AbstractTestNGCucumberTests"/>
      </group> <!-- cucumber -->
    </groups>
    <test started-at="2026-04-01T14:18:10 IST" name="Surefire test" finished-at="2026-04-01T14:18:56 IST" duration-ms="46361">
      <class name="com.demo.pom.runner.RunCucumberTest">
        <test-method is-config="true" signature="setUpClass(org.testng.ITestContext)[pri:0, instance:com.demo.pom.runner.RunCucumberTest@55c53a33]" started-at="2026-04-01T14:18:10 IST" name="setUpClass" finished-at="2026-04-01T14:18:10 IST" duration-ms="618" status="PASS">
          <params>
            <param index="0">
              <value>
                <![CDATA[org.testng.TestRunner@55fb36de]]>
              </value>
            </param>
          </params>
          <reporter-output>
          </reporter-output>
        </test-method> <!-- setUpClass -->
        <test-method signature="runScenario(io.cucumber.testng.PickleWrapper,io.cucumber.testng.FeatureWrapper)[pri:0, instance:com.demo.pom.runner.RunCucumberTest@55c53a33]" started-at="2026-04-01T14:18:10 IST" name="runScenario" description="Runs Cucumber Scenarios" data-provider="scenarios" finished-at="2026-04-01T14:18:23 IST" duration-ms="12532" status="PASS">
          <params>
            <param index="0">
              <value>
                <![CDATA["Login using Excel rows"]]>
              </value>
            </param>
            <param index="1">
              <value>
                <![CDATA["Login feature with Excel data"]]>
              </value>
            </param>
          </params>
          <reporter-output>
          </reporter-output>
        </test-method> <!-- runScenario -->
        <test-method signature="runScenario(io.cucumber.testng.PickleWrapper,io.cucumber.testng.FeatureWrapper)[pri:0, instance:com.demo.pom.runner.RunCucumberTest@55c53a33]" started-at="2026-04-01T14:18:23 IST" name="runScenario" description="Runs Cucumber Scenarios" data-provider="scenarios" finished-at="2026-04-01T14:18:35 IST" duration-ms="11669" status="PASS">
          <params>
            <param index="0">
              <value>
                <![CDATA["Login using Excel rows"]]>
              </value>
            </param>
            <param index="1">
              <value>
                <![CDATA["Login feature with Excel data"]]>
              </value>
            </param>
          </params>
          <reporter-output>
          </reporter-output>
        </test-method> <!-- runScenario -->
        <test-method signature="runScenario(io.cucumber.testng.PickleWrapper,io.cucumber.testng.FeatureWrapper)[pri:0, instance:com.demo.pom.runner.RunCucumberTest@55c53a33]" started-at="2026-04-01T14:18:35 IST" name="runScenario" description="Runs Cucumber Scenarios" data-provider="scenarios" finished-at="2026-04-01T14:18:45 IST" duration-ms="10793" status="PASS">
          <params>
            <param index="0">
              <value>
                <![CDATA["Login using Excel rows"]]>
              </value>
            </param>
            <param index="1">
              <value>
                <![CDATA["Login feature with Excel data"]]>
              </value>
            </param>
          </params>
          <reporter-output>
          </reporter-output>
        </test-method> <!-- runScenario -->
        <test-method signature="runScenario(io.cucumber.testng.PickleWrapper,io.cucumber.testng.FeatureWrapper)[pri:0, instance:com.demo.pom.runner.RunCucumberTest@55c53a33]" started-at="2026-04-01T14:18:45 IST" name="runScenario" description="Runs Cucumber Scenarios" data-provider="scenarios" finished-at="2026-04-01T14:18:56 IST" duration-ms="10642" status="PASS">
          <params>
            <param index="0">
              <value>
                <![CDATA["Login using Excel rows (demo test)"]]>
              </value>
            </param>
            <param index="1">
              <value>
                <![CDATA["Login feature with Excel data"]]>
              </value>
            </param>
          </params>
          <reporter-output>
          </reporter-output>
        </test-method> <!-- runScenario -->
        <test-method is-config="true" signature="tearDownClass()[pri:0, instance:com.demo.pom.runner.RunCucumberTest@55c53a33]" started-at="2026-04-01T14:18:56 IST" name="tearDownClass" finished-at="2026-04-01T14:18:56 IST" duration-ms="57" status="PASS">
          <reporter-output>
          </reporter-output>
        </test-method> <!-- tearDownClass -->
      </class> <!-- com.demo.pom.runner.RunCucumberTest -->
    </test> <!-- Surefire test -->
  </suite> <!-- Surefire suite -->
</testng-results>
