<?xml version="1.0" encoding="UTF-8"?>
<testsuite xmlns:xsi="http://www.w3.org/2001/XMLSchema-instance" xsi:noNamespaceSchemaLocation="https://maven.apache.org/surefire/maven-surefire-plugin/xsd/surefire-test-report.xsd" version="3.0.2" name="com.demo.pom.runner.RunCucumberTest" time="47.553" tests="4" errors="0" skipped="0" failures="0">
  <properties>
[...]
</properties>
  <testcase name="runScenario[&quot;Login using Excel rows&quot;, &quot;Login feature with Excel data&quot;](1)" classname="com.demo.pom.runner.RunCucumberTest" time="12.535">
    <system-out><![CDATA[
@smoke
Scenario Outline: Login using Excel rows            # src/test/resources/features/login.feature:11
  âœ” Given user launches the application             # com.demo.pom.steps.LoginSteps.user_launches_the_application()
2026-04-01T08:48:20.555258700Z main ERROR Log4j API could not find a logging provider.
  âœ” When user logs in using excel row 1             # com.demo.pom.steps.LoginSteps.user_logs_in_using_excel_row(java.lang.Integer)
  âœ” Then user should see expected result from excel # com.demo.pom.steps.LoginSteps.user_should_see_expected_result_from_excel()
]]></system-out>
    <system-err><![CDATA[Apr 01, 2026 2:18:13 PM org.openqa.selenium.devtools.CdpVersionFinder findNearestMatch
WARNING: Unable to find an exact match for CDP version 146, returning the closest version; found: 145; Please update to a Selenium version that supports CDP version 146
]]></system-err>
  </testcase>
  <testcase name="runScenario[&quot;Login using Excel rows&quot;, &quot;Login feature with Excel data&quot;](2)" classname="com.demo.pom.runner.RunCucumberTest" time="11.663">
    <system-out><![CDATA[
@smoke
Scenario Outline: Login using Excel rows            # src/test/resources/features/login.feature:12
  âœ” Given user launches the application             # com.demo.pom.steps.LoginSteps.user_launches_the_application()
  âœ” When user logs in using excel row 2             # com.demo.pom.steps.LoginSteps.user_logs_in_using_excel_row(java.lang.Integer)
  âœ” Then user should see expected result from excel # com.demo.pom.steps.LoginSteps.user_should_see_expected_result_from_excel()
]]></system-out>
    <system-err><![CDATA[Apr 01, 2026 2:18:25 PM org.openqa.selenium.devtools.CdpVersionFinder findNearestMatch
WARNING: Unable to find an exact match for CDP version 146, returning the closest version; found: 145; Please update to a Selenium version that supports CDP version 146
]]></system-err>
  </testcase>
  <testcase name="runScenario[&quot;Login using Excel rows&quot;, &quot;Login feature with Excel data&quot;](3)" classname="com.demo.pom.runner.RunCucumberTest" time="10.792">
    <system-out><![CDATA[
@smoke
Scenario Outline: Login using Excel rows            # src/test/resources/features/login.feature:13
  âœ” Given user launches the application             # com.demo.pom.steps.LoginSteps.user_launches_the_application()
  âœ” When user logs in using excel row 3             # com.demo.pom.steps.LoginSteps.user_logs_in_using_excel_row(java.lang.Integer)
  âœ” Then user should see expected result from excel # com.demo.pom.steps.LoginSteps.user_should_see_expected_result_from_excel()
]]></system-out>
    <system-err><![CDATA[Apr 01, 2026 2:18:36 PM org.openqa.selenium.devtools.CdpVersionFinder findNearestMatch
WARNING: Unable to find an exact match for CDP version 146, returning the closest version; found: 145; Please update to a Selenium version that supports CDP version 146
]]></system-err>
  </testcase>
  <testcase name="runScenario[&quot;Login using Excel rows (demo test)&quot;, &quot;Login feature with Excel data&quot;](4)" classname="com.demo.pom.runner.RunCucumberTest" time="10.641">
    <system-out><![CDATA[
@regression
Scenario: Login using Excel rows (demo test)        # src/test/resources/features/login.feature:24
  âœ” Given user launches the application             # com.demo.pom.steps.LoginSteps.user_launches_the_application()
  âœ” When user logs in using excel row 1             # com.demo.pom.steps.LoginSteps.user_logs_in_using_excel_row(java.lang.Integer)
  âœ” Then user should see expected result from excel # com.demo.pom.steps.LoginSteps.user_should_see_expected_result_from_excel()
]]></system-out>
    <system-err><![CDATA[Apr 01, 2026 2:18:47 PM org.openqa.selenium.devtools.CdpVersionFinder findNearestMatch
WARNING: Unable to find an exact match for CDP version 146, returning the closest version; found: 145; Please update to a Selenium version that supports CDP version 146
]]></system-err>
  </testcase>
</testsuite>