<?xml version="1.0" encoding="UTF-8"?>
<!-- Generated by org.testng.reporters.JUnitReportReporter -->
<testsuite hostname="WKSBAN36ARYTR03" failures="0" tests="3" name="com.demo.pom.runner.RunCucumberTest" time="32.924" errors="3" timestamp="2026-03-31T15:47:24 IST" skipped="0">
  <testcase classname="com.demo.pom.runner.RunCucumberTest" name="runScenario" time="11.337">
    <error message="Unable to read Excel test data" type="java.lang.RuntimeException">
      <![CDATA[java.lang.RuntimeException: Unable to read Excel test data
at com.demo.pom.utils.ExcelReader.getRowData(ExcelReader.java:48)
at com.demo.pom.steps.LoginSteps.user_logs_in_using_excel_row(LoginSteps.java:40)
at ✽.user logs in using excel row 3(file:///C:/Users/sharanbir.x/eclipse-workspace/cucumber-pom-demo/src/test/resources/features/login.feature:5)
Caused by: java.lang.RuntimeException: Sheet not found: Login
at com.demo.pom.utils.ExcelReader.getRowData(ExcelReader.java:24)
... 2 more
]]>
    </error>
  </testcase> <!-- runScenario -->
  <testcase classname="com.demo.pom.runner.RunCucumberTest" name="runScenario" time="11.193">
    <error message="Unable to read Excel test data" type="java.lang.RuntimeException">
      <![CDATA[java.lang.RuntimeException: Unable to read Excel test data
at com.demo.pom.utils.ExcelReader.getRowData(ExcelReader.java:48)
at com.demo.pom.steps.LoginSteps.user_logs_in_using_excel_row(LoginSteps.java:40)
at ✽.user logs in using excel row 1(file:///C:/Users/sharanbir.x/eclipse-workspace/cucumber-pom-demo/src/test/resources/features/login.feature:5)
Caused by: java.lang.RuntimeException: Sheet not found: Login
at com.demo.pom.utils.ExcelReader.getRowData(ExcelReader.java:24)
... 2 more
]]>
    </error>
  </testcase> <!-- runScenario -->
  <testcase classname="com.demo.pom.runner.RunCucumberTest" name="runScenario" time="10.394">
    <error message="Unable to read Excel test data" type="java.lang.RuntimeException">
      <![CDATA[java.lang.RuntimeException: Unable to read Excel test data
at com.demo.pom.utils.ExcelReader.getRowData(ExcelReader.java:48)
at com.demo.pom.steps.LoginSteps.user_logs_in_using_excel_row(LoginSteps.java:40)
at ✽.user logs in using excel row 2(file:///C:/Users/sharanbir.x/eclipse-workspace/cucumber-pom-demo/src/test/resources/features/login.feature:5)
Caused by: java.lang.RuntimeException: Sheet not found: Login
at com.demo.pom.utils.ExcelReader.getRowData(ExcelReader.java:24)
... 2 more
]]>
    </error>
  </testcase> <!-- runScenario -->
</testsuite> <!-- com.demo.pom.runner.RunCucumberTest -->
