<?xml version="1.0" encoding="UTF-8"?>
<!-- Generated by org.testng.reporters.JUnitReportReporter -->
<testsuite hostname="WKSBAN36ARYTR03" failures="0" tests="4" name="com.demo.pom.runner.RunCucumberTest" time="45.636" errors="0" timestamp="2026-04-01T14:18:56 IST" skipped="0">
  <testcase classname="com.demo.pom.runner.RunCucumberTest" name="runScenario" time="10.642"/>
  <testcase classname="com.demo.pom.runner.RunCucumberTest" name="runScenario" time="12.532"/>
  <testcase classname="com.demo.pom.runner.RunCucumberTest" name="runScenario" time="11.669"/>
  <testcase classname="com.demo.pom.runner.RunCucumberTest" name="runScenario" time="10.793"/>
</testsuite> <!-- com.demo.pom.runner.RunCucumberTest -->
