<?xml version="1.0" encoding="UTF-8"?>
<!-- Generated by org.testng.reporters.JUnitReportReporter -->
<testsuite hostname="WKSBAN36ARYTR03" failures="0" tests="3" name="com.demo.pom.runner.RunCucumberTest" time="37.240" errors="0" timestamp="2026-04-01T10:47:07 IST" skipped="0">
  <testcase classname="com.demo.pom.runner.RunCucumberTest" name="runScenario" time="14.911"/>
  <testcase classname="com.demo.pom.runner.RunCucumberTest" name="runScenario" time="11.247"/>
  <testcase classname="com.demo.pom.runner.RunCucumberTest" name="runScenario" time="11.082"/>
</testsuite> <!-- com.demo.pom.runner.RunCucumberTest -->
